Arguments: 
  /usr/bin/node /usr/share/yarn/bin/yarn.js add sequelize pg ph-hstore

PATH: 
  /usr/local/sbin:/usr/local/bin:/usr/sbin:/usr/bin:/sbin:/bin:/usr/games:/usr/local/games:/snap/bin

Yarn version: 
  1.22.18

Node version: 
  12.22.9

Platform: 
  linux x64

Trace: 
  Error: https://registry.yarnpkg.com/ph-hstore: Not found
      at Request.params.callback [as _callback] (/usr/share/yarn/lib/cli.js:66138:18)
      at Request.self.callback (/usr/share/yarn/lib/cli.js:140883:22)
      at Request.emit (events.js:314:20)
      at Request.<anonymous> (/usr/share/yarn/lib/cli.js:141855:10)
      at Request.emit (events.js:314:20)
      at IncomingMessage.<anonymous> (/usr/share/yarn/lib/cli.js:141777:12)
      at Object.onceWrapper (events.js:420:28)
      at IncomingMessage.emit (events.js:326:22)
      at endReadableNT (_stream_readable.js:1241:12)
      at processTicksAndRejections (internal/process/task_queues.js:84:21)

npm manifest: 
  {
    "name": "DistroHard",
    "version": "1.0.0",
    "main": "index.js",
    "author": "GrauKatze <GrauKatze@protonmail.com>",
    "license": "MIT"
  }

yarn manifest: 
  No manifest

Lockfile: 
  No lockfile
